<?xml version="1.0" encoding="UTF-8"?>
<!-- Generated by org.testng.reporters.JUnitXMLReporter -->
<testsuite ignored="10" hostname="LAPTOP-8PVICKAN" failures="0" tests="6" name="GroupsDemoTest" time="0.071" errors="0" timestamp="2023-01-31T20:39:27 EST">
  <testcase classname="com.neotech.lesson03.GroupsDemo" name="test1" time="0.019"/>
  <testcase classname="com.neotech.lesson03.GroupsDemo" name="test2" time="0.001"/>
  <testcase classname="com.neotech.lesson03.GroupsDemo" name="test4" time="0.001"/>
  <testcase classname="com.neotech.lesson02.EnableAndDisable" name="firstTest" time="0.001"/>
  <testcase classname="com.neotech.lesson03.Homework1" name="firstMethod" time="0.001"/>
  <testcase classname="com.neotech.lesson01.TestNGDemo" name="testOne" time="0.002"/>
  <testcase classname="com.neotech.lesson03.Homework1" name="thirdMethod" time="0.0">
    <ignored/>
  </testcase> <!-- thirdMethod -->
  <testcase classname="com.neotech.lesson01.TestNGDemo" name="TestTwo" time="0.0">
    <ignored/>
  </testcase> <!-- TestTwo -->
  <testcase classname="com.neotech.lesson03.Homework1" name="fourthMethod" time="0.0">
    <ignored/>
  </testcase> <!-- fourthMethod -->
  <testcase classname="com.neotech.lesson03.GroupsDemo" name="test3" time="0.0">
    <ignored/>
  </testcase> <!-- test3 -->
  <testcase classname="com.neotech.lesson03.Homework1" name="secondMethod" time="0.0">
    <ignored/>
  </testcase> <!-- secondMethod -->
  <testcase classname="com.neotech.lesson01.TestNGDemo" name="testThree" time="0.0">
    <ignored/>
  </testcase> <!-- testThree -->
  <testcase classname="com.neotech.lesson02.EnableAndDisable" name="secondTest" time="0.0">
    <ignored/>
  </testcase> <!-- secondTest -->
  <testcase classname="com.neotech.lesson02.EnableAndDisable" name="thirdTest" time="0.0">
    <ignored/>
  </testcase> <!-- thirdTest -->
  <testcase classname="com.neotech.lesson03.Homework1" name="firstMethod1" time="0.0">
    <ignored/>
  </testcase> <!-- firstMethod1 -->
  <testcase classname="com.neotech.lesson02.EnableAndDisable" name="fourthTest" time="0.0">
    <ignored/>
  </testcase> <!-- fourthTest -->
</testsuite> <!-- GroupsDemoTest -->
