<?xml version="1.0" encoding="UTF-8"?>
<!-- Generated by org.testng.reporters.JUnitXMLReporter -->
<testsuite ignored="0" hostname="LAPTOP-8PVICKAN" failures="0" tests="10" name="Test  Lesson01" time="11.694" errors="0" timestamp="2023-01-29T17:22:58 EST">
  <testcase classname="com.neotech.lesson01.MoreTestNGAnnotations" name="test1" time="0.008"/>
  <testcase classname="com.neotech.lesson01.MoreTestNGAnnotations" name="test2" time="0.001"/>
  <testcase classname="com.neotech.lesson01.TestNGAnnotations" name="test1" time="0.001"/>
  <testcase classname="com.neotech.lesson01.TestNGAnnotations" name="test2" time="0.001"/>
  <testcase classname="com.neotech.lesson01.TestNGDemo" name="TestTwo" time="0.001"/>
  <testcase classname="com.neotech.lesson01.TestNGDemo" name="testOne" time="0.001"/>
  <testcase classname="com.neotech.lesson01.TestNGDemo" name="testThree" time="0.002"/>
  <testcase classname="com.neotech.lesson01.TitleAndLoginValidation" name="loginValidation" time="2.063"/>
  <testcase classname="com.neotech.lesson01.TitleAndLoginValidation" name="logoValidation" time="0.029"/>
  <testcase classname="com.neotech.lesson01.TitleAndLoginValidation" name="titleValidation" time="3.009"/>
</testsuite> <!-- Test  Lesson01 -->
