<?xml version="1.0" encoding="UTF-8"?>
<!-- Generated by org.testng.reporters.JUnitXMLReporter -->
<testsuite ignored="0" hostname="LAPTOP-8PVICKAN" failures="0" tests="7" name="TestSmoke" time="0.076" errors="0" timestamp="2023-01-29T14:59:41 EST">
  <testcase classname="com.neotech.lesson01.TestNGDemo" name="TestTwo" time="0.014"/>
  <testcase classname="com.neotech.lesson01.TestNGDemo" name="testOne" time="0.002"/>
  <testcase classname="com.neotech.lesson01.TestNGDemo" name="testThree" time="0.002"/>
  <testcase classname="com.neotech.lesson02.PriorityDemo" name="firstTest" time="0.002"/>
  <testcase classname="com.neotech.lesson02.PriorityDemo" name="thirdTest" time="0.001"/>
  <testcase classname="com.neotech.lesson02.PriorityDemo" name="secondTest" time="0.001"/>
  <testcase classname="com.neotech.lesson02.PriorityDemo" name="fourthTest" time="0.002"/>
</testsuite> <!-- TestSmoke -->
